[34m[1mWeights & Biases: [0mrun 'pip install wandb' to automatically track and visualize YOLOv5 🚀 runs (RECOMMENDED)
[[123  34 112 ...   0   0   0]
 [123  34 112 ...   0   0   0]
 [123  34 112 ...   0   0   0]
 ...
 [123  34 112 ...   0   0   0]
 [123  34 112 ...   0   0   0]
 [123  34 112 ...   0   0   0]]
[[123  34 112 ... 137 136 135]
 [123  34 112 ...  10 113  30]
 [123  34 112 ... 104  30  41]
 ...
 [123  34 112 ...   0   0 109]
 [123  34 112 ...  40 104  89]
 [123  34 112 ...  75  16 104]]
[[123  34 112 ...   0   0 208]
 [123  34 112 ...   0 208  66]
 [123  34 112 ...  80  55 179]
 ...
 [123  34 112 ... 188 226 127]
 [123  34 112 ... 226 127   0]
 [123  34 112 ... 127   0   0]]
[[123  34 112 ...   0   0 144]
 [123  34 112 ...   0 176 225]
 [ 58 189 226 ... 176 145  61]
 ...
 [123  34 112 ... 254 226 127]
 [123  34 112 ... 226 127   0]
 [123  34 112 ... 127   0   0]]
[[123  34 112 ...   0   0 112]
 [123  34 112 ...   0  80   1]
 [123  34 112 ... 208 104 241]
 ...
 [123  34 112 ... 179 226 127]
 [123  34 112 ... 226 127   0]
 [123  34 112 ... 127   0   0]]
[[123  34 112 ...   0   0   0]
 [123  34 112 ...   0   0   0]
 [123  34 112 ...   0   0   0]
 ...
 [123  34 112 ...   0   0   0]
 [123  34 112 ...   0   0   0]
 [123  34 112 ...   0   0   0]]
[[123  34 112 ...   0   0   0]
 [123  34 112 ...   0   0   0]
 [123  34 112 ...   0   0   0]
 ...
 [123  34 112 ...  59   0 160]
 [123  34 112 ...   0 128  71]
 [123  34 112 ... 128  22  59]]
[[123  34 112 ...   0   0   0]
 [123  34 112 ...   0   1   0]
 [123  34 112 ...   0   0   0]
 ...
 [123  34 112 ...   0   0   0]
 [123  34 112 ...   0   0  78]
 [123  34 112 ...   0   0   0]]
[[123  34 112 ...   0  75   0]
 [123  34 112 ...   4   2   0]
 [123  34 112 ...  89 104  90]
 ...
 [123  34 112 ...   2   0   0]
 [123  34 112 ...  93 114 200]
 [123  34 112 ...  78 104  42]]
[[123  34 112 ... 103  61   0]
 [123  34 112 ...  61   0 160]
 [123  34 112 ...   0  64 181]
 ...
 [123  34 112 ...  59   0  96]
 [123  34 112 ...   0 128 204]
 [123  34 112 ...  64 193  59]]
[[123  34 112 ... 183  59   0]
 [123  34 112 ...  59   0 128]
 [123  34 112 ...   0  96 163]
 ...
 [123  34 112 ...  59   0 160]
 [123  34 112 ...   0 224  87]
 [123  34 112 ...  32  81  59]]
[[123  34 112 ...   0   0   0]
 [123  34 112 ...   0   0  64]
 [255  61   0 ...   0 128 110]
 ...
 [123  34 112 ...  66   0   0]
 [123  34 112 ...   0   0  48]
 [123  34 112 ...   0  72  66]]
[[123  34 112 ...   0   0   0]
 [123  34 112 ...   0   0   0]
 [123  34 112 ...   0   0   0]
 ...
 [  0   0   0 ...   0   0   0]
 [123  34 112 ...   0   0   0]
 [123  34 112 ...   0   0   0]]
[[123  34 112 ... 110  49 113]
 [123  34 112 ... 105 110 103]
 [113  28 136 ...   0   0  95]
 ...
 [123  34 112 ... 112 108  97]
 [123  34 112 ... 104  48 104]
 [123  34 112 ... 104  42 104]]
[[123  34 112 ...  41  82 114]
 [123  34 112 ...  32 133 114]
 [123  34 112 ...   2   0   0]
 ...
 [123  34 112 ... 104  30  41]
 [123  34 112 ... 218   1   0]
 [123  34 112 ...  82 114 232]]
[[123  34 112 ...   0   0   0]
 [123  34 112 ...   0  80   0]
 [123  34 112 ...   1   1   0]
 ...
 [123  34 112 ...   0   0   0]
 [  0   0   0 ...   0   0   0]
 [123  34 112 ...   0   0   0]]
[[123  34 112 ... 168  59   0]
 [123  34 112 ...  59   0 192]
 [123  34 112 ... 125   0 189]
 ...
 [  0   0   0 ...   0   0   0]
 [123  34 112 ...   0 127   0]
 [123  34 112 ...   0   0   0]]
[[123  34 112 ...   0   0  96]
 [123  34 112 ...   0  96  99]
 [123  34 112 ...   0   0   0]
 ...
 [123  34 112 ...   0   0   0]
 [123  34 112 ...   0   0   0]
 [123  34 112 ...   0   0   0]]
[[123  34 112 ...  80  60   0]
 [123  34 112 ...   0 208  67]
 [123  34 112 ...   0   0  96]
 ...
 [123  34 112 ...   0   0   0]
 [123  34 112 ...   0   0   0]
 [123  34 112 ...   0   0   0]]
[[123  34 112 ...   0   0   0]
 [123  34 112 ...   0   0   0]
 [123  34 112 ...   0   0   0]
 ...
 [123  34 112 ...   0   0   0]
 [  0   0   0 ...   0   0   0]
 [123  34 112 ...   0   0   0]]
[[123  34 112 ...   0   0   0]
 [  0   0   0 ...   0   0   0]
 [123  34 112 ...   0   0   0]
 ...
 [123  34 112 ...   0   0   0]
 [123  34 112 ...   0   0   0]
 [123  34 112 ...   0   0   0]]
[[123  34 112 ...   0   0   0]
 [123  34 112 ...   0   0   0]
 [123  34 112 ...   0   0   0]
 ...
 [123  34 112 ...  59   0 160]
 [123  34 112 ...   0   0   6]
 [123  34 112 ... 224 215  58]]
[[123  34 112 ...   0   0   0]
 [123  34 112 ...   0  16 174]
 [123  34 112 ...   0   0  28]
 ...
 [123  34 112 ...   0   0   0]
 [123  34 112 ...   0   0   0]
 [123  34 112 ...   0   0   0]]
[[123  34 112 ...  96  66   0]
 [123  34 112 ...  66   0   0]
 [123  34 112 ...   0   0  96]
 ...
 [123  34 112 ...   0   0   0]
 [123  34 112 ...   0   0   0]
 [123  34 112 ...   0   0   0]]
[[123  34 112 ...   0   0  10]
 [123  34 112 ...   0   0   0]
 [123  34 112 ...   0   0   0]
 ...
 [123  34 112 ...   0   0   0]
 [123  34 112 ...   0   0   0]
 [123  34 112 ...   0   0   0]]
[[123  34 112 ...  16   1   0]
 [123  34 112 ... 104  90  88]
 [123  34 112 ...  40  40 104]
 ...
 [123  34 112 ...   1   0   0]
 [123  34 112 ...  89 104  90]
 [123  34 112 ...  42 104  30]]
[[123  34 112 ...   2  60   0]
 [123  34 112 ...  59   0 192]
 [123  34 112 ...   0 224  74]
 ...
 [123  34 112 ...  66   0   0]
 [123  34 112 ...   0   0   0]
 [123  34 112 ...   0   0   0]]
[[123  34 112 ...   0   0   0]
 [123  34 112 ...  61   0   0]
 [123  34 112 ...   0  96  36]
 ...
 [123  34 112 ...  66   0   0]
 [123  34 112 ...   0   0  96]
 [123  34 112 ...   0   0   0]]
[[123  34 112 ... 116 121 112]
 [123  34 112 ... 105 111 110]
 [123  34 112 ...  95 102 111]
 ...
 [123  34 112 ... 255 255  88]
 [123  34 112 ... 104  29 104]
 [123  34 112 ...   1   0   0]]
[[123  34 112 ...   0   0   0]
 [123  34 112 ...   0   0   0]
 [123  34 112 ...   0   0   0]
 ...
 [123  34 112 ...   0   1   1]
 [123  34 112 ...   0   0   0]
 [123  34 112 ...   0   0   0]]
[[123  34 112 ... 134  66   0]
 [  0 152  66 ...  66   0   0]
 [123  34 112 ...   0   0 152]
 ...
 [123  34 112 ...   0   0   0]
 [123  34 112 ...   0   0   0]
 [123  34 112 ... 127   0   0]]
[[123  34 112 ...   0   0   0]
 [123  34 112 ...  66   0   0]
 [123  34 112 ...   0   0  96]
 ...
 [123  34 112 ...   0   0   0]
 [123  34 112 ...   0   0   0]
 [123  34 112 ...   0   0   0]]
[[123  34 112 ...   0   0   0]
 [123  34 112 ...   0   0  64]
 [123  34 112 ...   0  32  95]
 ...
 [123  34 112 ...  64   0   0]
 [123  34 112 ...   0   0   0]
 [123  34 112 ...   0 152  65]]
[[123  34 112 ...   0   0   0]
 [123  34 112 ...   0   0   0]
 [123  34 112 ...   0   0  64]
 ...
 [123  34 112 ...   0   0   0]
 [123  34 112 ...   0   0   0]
 [  0   0   0 ...   0   0   0]]
[[123  34 112 ...  96  66   0]
 [123  34 112 ...   0   0   0]
 [ 96  66   0 ...   0   0 132]
 ...
 [123  34 112 ...   0   0   0]
 [123  34 112 ...   0   0   0]
 [123  34 112 ...   0   0   0]]
[[123  34 112 ... 137 136 135]
 [123  34 112 ...  10 113  30]
 [123  34 112 ... 104  30  41]
 ...
 [123  34 112 ...   0   0 109]
 [123  34 112 ...  40 104  89]
 [123  34 112 ...  75  16 104]]
[[123  34 112 ...   0   0   1]
 [123  34 112 ...   0  32 219]
 [123  34 112 ...   1   1   0]
 ...
 [123  34 112 ...   0   0   0]
 [123  34 112 ...   0   0   0]
 [  0   0   0 ...   0   0   0]]
[[  0  96 134 ...   0  66   0]
 [123  34 112 ...  66   0   0]
 [123  34 112 ...   0   0   0]
 ...
 [123  34 112 ...   0   0   0]
 [123  34 112 ...   0   0   0]
 [123  34 112 ...   0   0   0]]
[[123  34 112 ...  81  61   0]
 [123  34 112 ...  60   0  32]
 [123  34 112 ...   0 192  91]
 ...
 [123  34 112 ...  66   0   0]
 [123  34 112 ...   0   0   0]
 [123  34 112 ...   0   0   0]]
[[123  34 112 ...   8  60   0]
 [123  34 112 ...  59   0 224]
 [123  34 112 ...   0 128  99]
 ...
 [  0 124  66 ...   0   0   0]
 [123  34 112 ...   0   0   0]
 [123  34 112 ...   0   0   0]]
[[123  34 112 ...  60  66   0]
 [123  34 112 ...  66   0   0]
 [123  34 112 ...   0   0  80]
 ...
 [123  34 112 ...  58   0 192]
 [123  34 112 ...   0   0   0]
 [123  34 112 ...   0   0   0]]
[[123  34 112 ...   0   0   0]
 [123  34 112 ...   0   0   0]
 [123  34 112 ...   0   0   0]
 ...
 [123  34 112 ...   0   0   0]
 [  0   0   0 ...   0   0   0]
 [123  34 112 ...   0   0   0]]
[[123  34 112 ...   0   0   0]
 [123  34 112 ...   0   0   0]
 [123  34 112 ...   0   0  48]
 ...
 [123  34 112 ...   0   0   0]
 [123  34 112 ...   0   0   0]
 [  0   0   0 ...   0   0   0]]
[[  0   0   0 ...   0   0   0]
 [123  34 112 ...   0   0   0]
 [123  34 112 ... 136 202 241]
 ...
 [123  34 112 ...   0   0   0]
 [123  34 112 ...   0   0   0]
 [123  34 112 ...   0   0   0]]
[[123  34 112 ...   0   0 240]
 [123  34 112 ...   0  32 219]
 [123  34 112 ...  10   0   0]
 ...
 [123  34 112 ...  53 227 127]
 [123  34 112 ...   0   0   0]
 [123  34 112 ...  85   0   0]]
[[123  34 112 ...   0   0   0]
 [123  34 112 ...   0   0 224]
 [123  34 112 ...   0  64   9]
 ...
 [  0 142  66 ...  66   0   0]
 [123  34 112 ...   0   0  36]
 [123  34 112 ...   0   0   0]]
[[123  34 112 ... 125   0   2]
 [123  34 112 ... 134 114 246]
 [123  34 112 ...  16 133 114]
 ...
 [104  30  41 ...  28 136 104]
 [123  34 112 ...  99 111 109]
 [123  34 112 ...  41 129 114]]
[[123  34 112 ... 114 229   2]
 [123  34 112 ... 134 114 246]
 [123  34 112 ...  16 133 114]
 ...
 [104  30  41 ...  28 136 104]
 [123  34 112 ...  99 111 109]
 [123  34 112 ...  41 129 114]]
[[123  34 112 ...   0   0 104]
 [123  34 112 ... 127 104 128]
 [123  34 112 ...  87 104  88]
 ...
 [123  34 112 ...   4   0   0]
 [123  34 112 ...   0   0  82]
 [123  34 112 ... 104  30  41]]
[[123  34 112 ...   0   0 104]
 [123  34 112 ... 127 104 128]
 [123  34 112 ...  87 104  88]
 ...
 [123  34 112 ...   0   0   0]
 [123  34 112 ...   0   0  82]
 [123  34 112 ... 104  30  41]]
[[123  34 112 ... 236 186   0]
 [  0 235 186 ... 186   0 160]
 [123  34 112 ...   0  32 213]
 ...
 [123  34 112 ...   0   0   0]
 [123  34 112 ...   0   0   0]
 [123  34 112 ...   0   0   0]]
[[123  34 112 ... 110  49 113]
 [123  34 112 ... 105 110 105]
 [123  34 112 ...  22   0   0]
 ...
 [123  34 112 ... 105 110 112]
 [123  34 112 ... 113 231 104]
 [123  34 112 ...  41  78 104]]
[[123  34 112 ... 114 229   2]
 [123  34 112 ... 134 114 246]
 [123  34 112 ...   0 133 114]
 ...
 [123  34 112 ...  28 136 104]
 [123  34 112 ...  99 111 109]
 [123  34 112 ...  41 129 114]]
[[ 82 114 232 ... 104 119  75]
 [123  34 112 ...  41  82 114]
 [123  34 112 ...  40  40 104]
 ...
 [123  34 112 ...  93 114 185]
 [123  34 112 ...  34 104  35]
 [123  34 112 ...   0 104  41]]
[[123  34 112 ...   3   0   0]
 [123  34 112 ... 104 127 104]
 [123  34 112 ... 104  87 104]
 ...
 [123  34 112 ... 146   4   0]
 [123  34 112 ...   4   0   0]
 [123  34 112 ...  42 104  30]]
[[123  34 112 ...   0   0   1]
 [123  34 112 ...   0  44   1]
 [123  34 112 ...  81   8   0]
 ...
 [123  34 112 ...  59   0  32]
 [123  34 112 ...   0  96 165]
 [123  34 112 ...   0   0   0]]
[[123  34 112 ...   0   0   0]
 [123  34 112 ...   0   0   0]
 [123  34 112 ...   0   0  84]
 ...
 [123  34 112 ...   0   0   0]
 [123  34 112 ...   0   0   0]
 [123  34 112 ...   0   0   0]]
[[123  34 112 ... 137 136 135]
 [123  34 112 ... 125   0  99]
 [123  34 112 ... 107 115 113]
 ...
 [123  34 112 ... 217  88  18]
 [123  34 112 ...  87 104  88]
 [123  34 112 ...   0   0 104]]
[[123  34 112 ...   0  60   0]
 [123  34 112 ...  60   0  96]
 [123  34 112 ...   0 128 229]
 ...
 [123  34 112 ...   0   0   0]
 [123  34 112 ... 157  85   0]
 [123  34 112 ...   0   0   0]]
[[123  34 112 ...   0   0   0]
 [123  34 112 ...   0   0   0]
 [123  34 112 ...   0   0   0]
 ...
 [123  34 112 ...   0   0   0]
 [123  34 112 ...   0   0   0]
 [123  34 112 ...   0   0   0]]
[[123  34 112 ... 125   0   0]
 [123  34 112 ...   0   0   0]
 [123  34 112 ...   0   0   0]
 ...
 [123  34 112 ...   0   0   0]
 [123  34 112 ...   0   0   0]
 [123  34 112 ...   0   0   0]]
[[123  34 112 ... 137 136 135]
 [123  34 112 ...  99 116  10]
 [123  34 112 ... 125   0 104]
 ...
 [123  34 112 ...  18   0   0]
 [123  34 112 ...  88  40  40]
 [123  34 112 ... 104 113  75]]
[[123  34 112 ...   0   0   0]
 [123  34 112 ...   0   1   0]
 [123  34 112 ...   0   0   0]
 ...
 [123  34 112 ...   0   0   0]
 [123  34 112 ...   0   0   0]
 [123  34 112 ...   0   0   0]]
[[123  34 112 ...   0   0 192]
 [123  34 112 ...   0   0   0]
 [123  34 112 ... 128   4   0]
 ...
 [123  34 112 ... 227 157  85]
 [123  34 112 ...   0   0 144]
 [123  34 112 ...   0 144  65]]
[[123  34 112 ...   0   0   0]
 [123  34 112 ...   0   0   0]
 [123  34 112 ...   0   0   0]
 ...
 [123  34 112 ...   0   0   0]
 [123  34 112 ...   0   0   0]
 [123  34 112 ...   0   0   0]]
[[123  34 112 ...   0   0   0]
 [123  34 112 ...   0   0   0]
 [123  34 112 ...   0   0   0]
 ...
 [123  34 112 ...   0   0   0]
 [123  34 112 ...   0   0   0]
 [123  34 112 ...   0   0   0]]
[[123  34 112 ... 137 136 135]
 [123  34 112 ...  99 116  10]
 [123  34 112 ... 113  42 104]
 ...
 [123  34 112 ...  18   0   0]
 [  0 109 111 ...  88  40  40]
 [123  34 112 ... 104 113  75]]
[[123  34 112 ...   0 104 119]
 [123  34 112 ...  30  41  82]
 [114   4   2 ...  88  40  40]
 ...
 [123  34 112 ...  35  93 114]
 [123  34 112 ... 104  34 104]
 [123  34 112 ...   0   0 104]]
[[123  34 112 ... 116 121 112]
 [123  34 112 ... 108 101  99]
 [123  34 112 ...  14   0   0]
 ...
 [123  34 112 ... 216  74 255]
 [123  34 112 ...  40 104  28]
 [123  34 112 ...  41  82 114]]
[[123  34 112 ...   0   0   0]
 [123  34 112 ...   0   0   0]
 [123  34 112 ...   0   0   0]
 ...
 [123  34 112 ...  59   0  32]
 [123  34 112 ...   0  64 131]
 [123  34 112 ...  85   0   0]]
[[123  34 112 ...  61  60   0]
 [123  34 112 ...  59   0 224]
 [123  34 112 ...   0   0 111]
 ...
 [123  34 112 ...  66   0   0]
 [123  34 112 ...   0   0   0]
 [123  34 112 ...   0   0   0]]
[[123  34 112 ...   0   0   0]
 [123  34 112 ...   0   0   0]
 [123  34 112 ...   0   0   0]
 ...
 [123  34 112 ...   0   0   0]
 [123  34 112 ...   0   0   0]
 [123  34 112 ...  85   0   0]]
[[123  34 112 ...   0   0   0]
 [123  34 112 ...   0   0   0]
 [123  34 112 ...   0   0   0]
 ...
 [123  34 112 ...   0   0   0]
 [123  34 112 ...   0   0 130]
 [123  34 112 ...   0 130  66]]
[[123  34 112 ...   0   0   0]
 [123  34 112 ...   0   0   0]
 [123  34 112 ...   0   0   0]
 ...
 [123  34 112 ...   0   0   0]
 [123  34 112 ...   0   0   0]
 [  0   0   0 ...   0   0   0]]
[[123  34 112 ...   0   0   0]
 [123  34 112 ...   0   0   0]
 [123  34 112 ...   0   0   0]
 ...
 [123  34 112 ...   0   0   0]
 [123  34 112 ...   0   0   0]
 [123  34 112 ...   0   0   0]]
[[123  34 112 ...   0   0 209]
 [123  34 112 ...   0   0   0]
 [123  34 112 ...   0   0   0]
 ...
 [123  34 112 ...   0   0   0]
 [123  34 112 ...   0   0   0]
 [123  34 112 ...   0   0   0]]
[[123  34 112 ...   0   0   0]
 [123  34 112 ...   0  96 173]
 [123  34 112 ...   0   0  86]
 ...
 [123  34 112 ...  66   0   0]
 [123  34 112 ...   0   0 144]
 [123  34 112 ...   0 112  66]]
[[123  34 112 ...   0   0   0]
 [123  34 112 ...   0   0   0]
 [123  34 112 ...   0   0   0]
 ...
 [123  34 112 ...   0   0   0]
 [123  34 112 ... 125   0   0]
 [  0   0   0 ...   0   0   0]]
[[123  34 112 ...   0   0  75]
 [123  34 112 ...   0   0 135]
 [123  34 112 ...   0  75   1]
 ...
 [123  34 112 ...  30  41  82]
 [123  34 112 ... 222   1   0]
 [123  34 112 ... 104  35  93]]
[[123  34 112 ...   0   0  96]
 [123  34 112 ...   0   1   0]
 [123  34 112 ...   0   0   0]
 ...
 [123  34 112 ...   0   0   0]
 [  0   0   0 ...   0   0   0]
 [123  34 112 ...   0   0   0]]
[[123  34 112 ...   0   0   0]
 [123  34 112 ...   0   0   0]
 [123  34 112 ...   0   0   0]
 ...
 [123  34 112 ...   0 160   0]
 [123  34 112 ...  37 250 232]
 [123  34 112 ... 192  82  64]]
[[123  34 112 ...   3   0   0]
 [104  34 104 ... 104 127 104]
 [123  34 112 ... 104  87 104]
 ...
 [123  34 112 ... 146   4   0]
 [123  34 112 ...   4   0   0]
 [123  34 112 ...  42 104  30]]
[[123  34 112 ...  96  66   0]
 [123  34 112 ...  66   0   0]
 [123  34 112 ...   0   0 112]
 ...
 [123  34 112 ...   0   0   0]
 [123  34 112 ...   0   0   0]
 [123  34 112 ...   0   0   0]]
[[123  34 112 ...   0   0   0]
 [123  34 112 ...   0   0   0]
 [123  34 112 ...   0   0   0]
 ...
 [123  34 112 ...   0   0   0]
 [123  34 112 ...   0   0   0]
 [123  34 112 ...   0   0   0]]
[[123  34 112 ...   0   0   0]
 [  0   0   0 ...   0   0   0]
 [123  34 112 ...   0   0   0]
 ...
 [123  34 112 ...   0   0   0]
 [123  34 112 ...   0  96 171]
 [123  34 112 ...  32  27  61]]
[[  0   0 224 ...   0   0   0]
 [123  34 112 ...   0   1   0]
 [123  34 112 ...   0   0   0]
 ...
 [123  34 112 ...   0   0   0]
 [123  34 112 ...   0   0   0]
 [123  34 112 ...   0   0   0]]
[[123  34 112 ...   0   0   0]
 [123  34 112 ...   0 208  69]
 [123  34 112 ...   0  96 169]
 ...
 [123  34 112 ...  66   0   0]
 [  0   0   0 ...   0   0   8]
 [123  34 112 ...   0   0   0]]
[[123  34 112 ...  36  66   0]
 [123  34 112 ...  66   0   0]
 [123  34 112 ...   0   0 150]
 ...
 [123  34 112 ...  65   0   0]
 [123  34 112 ...   0   0   0]
 [123  34 112 ...   0   0   0]]
[[  0   0   0 ...   0   0   0]
 [123  34 112 ...   0   0   0]
 [123  34 112 ...   0   0  96]
 ...
 [123  34 112 ...   0   0   0]
 [123  34 112 ...   0   0   0]
 [123  34 112 ...   0   0   0]]
[[123  34 112 ...  75   0  75]
 [123  34 112 ...  89 104  90]
 [123  34 112 ...   2   0   0]
 ...
 [123  34 112 ...   0   2   0]
 [123  34 112 ...  41  82 114]
 [123  34 112 ... 104  30  41]]
[[123  34 112 ... 104  44 104]
 [123  34 112 ... 114 227   3]
 [123  34 112 ...  64 133 114]
 ...
 [123  34 112 ...  41  82 114]
 [123  34 112 ...  82 114 164]
 [123  34 112 ... 179   4   0]]
[[123  34 112 ... 114 250   1]
 [  0   0 104 ...   0  82 114]
 [123  34 112 ...  75  16 116]
 ...
 [123  34 112 ... 104  30  41]
 [123  34 112 ...  78 104  42]
 [123  34 112 ...   2   0   0]]
[[123  34 112 ... 233   2   0]
 [123  34 112 ...   1  75   1]
 [123  34 112 ...   6   3   0]
 ...
 [123  34 112 ...   0 133 114]
 [123  34 112 ...  67  41 129]
 [123  34 112 ... 104  88  40]]
[[123  34 112 ...  75  32 116]
 [123  34 112 ... 135 114  31]
 [123  34 112 ...   1 133 114]
 ...
 [123  34 112 ...  82 114 207]
 [123  34 112 ...   0   0 125]
 [123  34 112 ...  93 114 237]]
[[123  34 112 ...   0   0   1]
 [123  34 112 ...   0  32 219]
 [123  34 112 ...   0 188 110]
 ...
 [123  34 112 ...   0   0   0]
 [123  34 112 ...   0   0   0]
 [123  34 112 ...   0   0   0]]
[[123  34 112 ...   0   0   0]
 [123  34 112 ...   0   0   0]
 [123  34 112 ...   0   0   0]
 ...
 [123  34 112 ...   0   0   0]
 [123  34 112 ...   0 128  29]
 [123  34 112 ...   0   0   0]]
[[123  34 112 ...   0   0   0]
 [123  34 112 ...   0   0   0]
 [123  34 112 ...   0   0   0]
 ...
 [123  34 112 ...   0   0   0]
 [123  34 112 ...   0   0  96]
 [ 66   0   0 ...   0 224  64]]
[[123  34 112 ...   0   0   0]
 [123  34 112 ...   0   0   0]
 [123  34 112 ...   1   1   1]
 ...
 [123  34 112 ...   0   0   0]
 [123  34 112 ...   0   0   0]
 [123  34 112 ...  32 110  62]]
[[123  34 112 ... 192  61   0]
 [123  34 112 ...  61   0 160]
 [123  34 112 ...   0   0  47]
 ...
 [123  34 112 ...   0   0   0]
 [123  34 112 ... 157  85   0]
 [123  34 112 ...  85   0   0]]
[[  0   0 134 ... 224  65   0]
 [123  34 112 ...   0   0   0]
 [123  34 112 ...   0   0   0]
 ...
 [123  34 112 ...   0   0   0]
 [123  34 112 ...   0   0   0]
 [123  34 112 ...   0   0   0]]
[[123  34 112 ...   0   0   0]
 [123  34 112 ...   0   0   0]
 [  0   0   0 ...   0   0   0]
 ...
 [123  34 112 ...   0   0   0]
 [123  34 112 ...   0   0   0]
 [123  34 112 ...   0   0   0]]
[[123  34 112 ...   0  40 104]
 [123  34 112 ...  16 116 114]
 [123  34 112 ...   0 104 168]
 ...
 [123  34 112 ... 114 193   2]
 [123  34 112 ...  30  41  82]
 [123  34 112 ...  29 104  30]]
[[123  34 112 ...   0   0   1]
 [123  34 112 ...   0  80  24]
 [123  34 112 ...   0   0   0]
 ...
 [123  34 112 ...   0   0   0]
 [123  34 112 ... 125   0   0]
 [123  34 112 ...   0   0   0]]
[[123  34 112 ...  28  66   0]
 [123  34 112 ...  66   0   0]
 [123  34 112 ...   0   0  28]
 ...
 [123  34 112 ...   0   0   0]
 [123  34 112 ...   0   0   0]
 [123  34 112 ...   0   0   0]]
[[123  34 112 ...   0   0   0]
 [123  34 112 ... 125   0 160]
 [ 91  60   0 ...   0 128 182]
 ...
 [123  34 112 ...   0   0   0]
 [123  34 112 ...   0   0 192]
 [123  34 112 ...   0   1   1]]
[[144  20 177 ... 140  61   0]
 [123  34 112 ...  60   0 192]
 [123  34 112 ...   0   0 120]
 ...
 [123  34 112 ...  66   0   0]
 [123  34 112 ...   0   0   0]
 [123  34 112 ...  85   0   0]]
[[123  34 112 ... 164  62   0]
 [123  34 112 ...  61   0 128]
 [123  34 112 ...   0   0 107]
 ...
 [123  34 112 ...  59   0  64]
 [ 93  59   0 ...   0 192 227]
 [123  34 112 ... 192 147  58]]
[[123  34 112 ...  75  32 116]
 [123  34 112 ... 135 114  31]
 [123  34 112 ...   1 133 114]
 ...
 [123  34 112 ...  82 114 207]
 [123  34 112 ...   0   0 125]
 [123  34 112 ...  93 114 237]]
[[123  34 112 ...  58  61   0]
 [123  34 112 ...  60   0 160]
 [123  34 112 ...   0  64 147]
 ...
 [123  34 112 ...  66   0   0]
 [123  34 112 ...   0   0   0]
 [123  34 112 ...  85   0   0]]
[[123  34 112 ... 236 187   0]
 [123  34 112 ... 187   0 128]
 [123  34 112 ...   0  64 208]
 ...
 [123  34 112 ...   0   0  96]
 [123  34 112 ...   0  64  89]
 [123  34 112 ... 192  77 187]]
[[123  34 112 ... 114 239   2]
 [  0   0 104 ...   0 117  98]
 [123  34 112 ...   0   0  88]
 ...
 [123  34 112 ...   0 104  46]
 [123  34 112 ...   0   0 133]
 [123  34 112 ...  40  75  64]]
[[123  34 112 ...  55  59   0]
 [224  53  59 ...  59   0   0]
 [123  34 112 ...   0 224 217]
 ...
 [123  34 112 ...   0   0   0]
 [123  34 112 ...   0   0   0]
 [123  34 112 ...   0   0   0]]
[[  0   0   0 ...   0   0   0]
 [123  34 112 ...   0   0   0]
 [123  34 112 ...  16   0   0]
 ...
 [123  34 112 ...  53 227 127]
 [123  34 112 ... 157  85   0]
 [123  34 112 ...   0   0   0]]
[[123  34 112 ...   0   0   0]
 [123  34 112 ...   0   0   0]
 [123  34 112 ...   0   0   0]
 ...
 [123  34 112 ...  59   0 128]
 [123  34 112 ...   0   0   0]
 [123  34 112 ...   0   0   0]]
[[123  34 112 ...   0   0 194]
 [123  34 112 ...   0   0   0]
 [123  34 112 ...   0   0   0]
 ...
 [123  34 112 ...   0   0   0]
 [123  34 112 ...   0   0   0]
 [123  34 112 ...   0   0   0]]
[[123  34 112 ...  75   0  75]
 [123  34 112 ...  89 104  90]
 [123  34 112 ...   2   0   0]
 ...
 [123  34 112 ... 190   2   0]
 [123  34 112 ...  41  82 114]
 [123  34 112 ... 104  30  41]]
[[ 82 114 221 ... 104 102  78]
 [123  34 112 ...  75   0 134]
 [123  34 112 ...   8   3   0]
 ...
 [123  34 112 ...  30  41  82]
 [123  34 112 ...  28 136 104]
 [123  34 112 ... 198   3   0]]
[[123  34 112 ...   0   0   0]
 [123  34 112 ...   0   0   0]
 [  0   0   0 ...   0   0   0]
 ...
 [123  34 112 ...   0   0 224]
 [123  34 112 ...   0  32 246]
 [123  34 112 ... 128 187  58]]
[[123  34 112 ...   0   0   0]
 [123  34 112 ...   0   0   0]
 [123  34 112 ...   0   0   0]
 ...
 [123  34 112 ...  60   0  96]
 [123  34 112 ...   0  32 175]
 [123  34 112 ...   0 136  60]]
[[123  34 112 ...   0   0   0]
 [123  34 112 ...   0   0   0]
 [123  34 112 ...   0   0   0]
 ...
 [123  34 112 ...  65   0   0]
 [123  34 112 ...   0   0   0]
 [123  34 112 ...   0   0   0]]
[[123  34 112 ... 233 187   0]
 [123  34 112 ... 187   0  96]
 [123  34 112 ...   0 160 202]
 ...
 [123  34 112 ... 187   0  32]
 [123  34 112 ...   0 160  85]
 [123  34 112 ... 192  78 187]]
[[123  34 112 ...  75   0 116]
 [123  34 112 ...   0   0  95]
 [123  34 112 ... 104  30  41]
 ...
 [123  34 112 ...  77 224   6]
 [123  34 112 ... 239  81  75]
 [123  34 112 ... 119  75   1]]
[[123  34 112 ...   0   0   0]
 [123  34 112 ...   0  96   0]
 [123  34 112 ...  96  25  70]
 ...
 [123  34 112 ...   0   0   0]
 [123  34 112 ...   0   0   0]
 [123  34 112 ...   0   0   0]]
[[123  34 112 ...   0   0   0]
 [123  34 112 ...  65   0   0]
 [123  34 112 ...   0   0 112]
 ...
 [123  34 112 ...   0   0   0]
 [123  34 112 ...   0   0   0]
 [  0   0   0 ...   0   0   0]]
[[123  34 112 ...  30  41  82]
 [123  34 112 ...  75  32 133]
 [123  34 112 ...  88   2   0]
 ...
 [123  34 112 ...  42 104  30]
 [123  34 112 ... 114 218   1]
 [123  34 112 ...  93 125   0]]
[[123  34 112 ...  56  59   0]
 [123  34 112 ...  58   0  32]
 [123  34 112 ...   0  64 174]
 ...
 [123  34 112 ...   0   0   0]
 [123  34 112 ...   0   0   0]
 [123  34 112 ...   0   0   0]]
[[123  34 112 ...   0  59   0]
 [123  34 112 ...  58   0   0]
 [123  34 112 ...   0   0   0]
 ...
 [123  34 112 ...   0   0   0]
 [  0   0   0 ...   0   0   0]
 [123  34 112 ...   0   0   0]]
[[123  34 112 ... 192  65   0]
 [123  34 112 ...  66   0   0]
 [123  34 112 ...   0   0   0]
 ...
 [123  34 112 ...   0   0   0]
 [123  34 112 ...   0   0   0]
 [123  34 112 ...   0   8   0]]
[[123  34 112 ...   0   0   0]
 [123  34 112 ...  64   0   0]
 [  0  65   0 ...  96   0   0]
 ...
 [123  34 112 ...   0   0   0]
 [123  34 112 ...   0   0   0]
 [123  34 112 ...  85   0   0]]
[[123  34 112 ...   0   0   0]
 [123  34 112 ...   0   0   0]
 [123  34 112 ...   0   0   0]
 ...
 [123  34 112 ...   0   0   0]
 [123  34 112 ... 226 127   0]
 [123  34 112 ...   0   0   0]]
[[123  34 112 ...  72  66   0]
 [123  34 112 ...  66   0   0]
 [ 76  66   0 ...   0   0  76]
 ...
 [123  34 112 ...   0   0   0]
 [123  34 112 ...   0   0   0]
 [123  34 112 ...   0   0   0]]
[[123  34 112 ...   0  40 104]
 [123  34 112 ...  16 116 114]
 [123  34 112 ...   0 104 168]
 ...
 [123  34 112 ...   0 193   2]
 [123  34 112 ...  30  41  82]
 [123  34 112 ...  29 104  30]]
[[114 101  46 ...  75   0 116]
 [123  34 112 ...   0   0  95]
 [123  34 112 ... 104  30  41]
 ...
 [123  34 112 ...  77 224   6]
 [123  34 112 ... 239  81  75]
 [123  34 112 ... 119  75   1]]
[[123  34 112 ... 114  16   1]
 [123  34 112 ...  89 104  90]
 [123  34 112 ...  88  40  40]
 ...
 [123  34 112 ... 209   1   0]
 [123  34 112 ... 104  89 104]
 [123  34 112 ... 104  42 104]]
[[123  34 112 ...   0 104  50]
 [123  34 112 ...   0   0   0]
 [123  34 112 ... 114 246   3]
 ...
 [123  34 112 ...  32 104 195]
 [ 71  63  80 ...  98 117 117]
 [123  34 112 ... 114 182   4]]
[[123  34 112 ...   0   0  22]
 [123  34 112 ...   0   0   0]
 [123  34 112 ...   0   0   0]
 ...
 [123  34 112 ...   0   0   0]
 [123  34 112 ...   0   0   0]
 [123  34 112 ...   0   0   0]]
[[123  34 112 ...   0   0   0]
 [123  34 112 ...   0   0   0]
 [  0   0   0 ...   0   0   0]
 ...
 [123  34 112 ...   0   0   0]
 [123  34 112 ...   0   0   0]
 [123  34 112 ...   0   0   0]]
[[123  34 112 ...   0   0   0]
 [123  34 112 ...   0   0   0]
 [123  34 112 ...   0   0   0]
 ...
 [123  34 112 ...  59   0  96]
 [123  34 112 ...   0 192 254]
 [123  34 112 ...  96 178  58]]
[[123  34 112 ... 119  75   0]
 [123  34 112 ...  82 114   4]
 [123  34 112 ...  40 104  89]
 ...
 [123  34 112 ... 114 185   2]
 [123  34 112 ... 104  35  93]
 [123  34 112 ... 104  41  78]]
[[123  34 112 ... 119  75   0]
 [123  34 112 ...  82 114   4]
 [123  34 112 ...  40 104  89]
 ...
 [123  34 112 ... 114 185   2]
 [123  34 112 ... 104  35  93]
 [114 200   2 ... 104  41  78]]
[[123  34 112 ...   0   0   0]
 [  0   0   0 ...   0   0   0]
 [123  34 112 ...   0   0   0]
 ...
 [123  34 112 ... 227 157  85]
 [123  34 112 ...   0  96   2]
 [123  34 112 ... 224 123  61]]
[[123  34 112 ... 114 229   2]
 [123  34 112 ... 134 114 246]
 [123  34 112 ...  16 133 114]
 ...
 [104  30  41 ...  28 136 104]
 [123  34 112 ...  99 111 109]
 [123  34 112 ...  41 129 114]]
loading annotations into memory...
Done (t=1.32s)
creating index...
index created!
Loading and preparing results...
DONE (t=23.81s)
creating index...
index created!
Running per image evaluation...
Evaluate annotation type *bbox*
DONE (t=243.80s).
Accumulating evaluation results...
DONE (t=52.29s).
 Average Precision  (AP) @[ IoU=0.50:0.95 | area=   all | maxDets=100 ] = 0.244
 Average Precision  (AP) @[ IoU=0.50      | area=   all | maxDets=100 ] = 0.411
 Average Precision  (AP) @[ IoU=0.75      | area=   all | maxDets=100 ] = 0.253
 Average Precision  (AP) @[ IoU=0.50:0.95 | area= small | maxDets=100 ] = 0.123
 Average Precision  (AP) @[ IoU=0.50:0.95 | area=medium | maxDets=100 ] = 0.280
 Average Precision  (AP) @[ IoU=0.50:0.95 | area= large | maxDets=100 ] = 0.320
 Average Recall     (AR) @[ IoU=0.50:0.95 | area=   all | maxDets=  1 ] = 0.234
 Average Recall     (AR) @[ IoU=0.50:0.95 | area=   all | maxDets= 10 ] = 0.406
 Average Recall     (AR) @[ IoU=0.50:0.95 | area=   all | maxDets=100 ] = 0.463
 Average Recall     (AR) @[ IoU=0.50:0.95 | area= small | maxDets=100 ] = 0.254
 Average Recall     (AR) @[ IoU=0.50:0.95 | area=medium | maxDets=100 ] = 0.513
 Average Recall     (AR) @[ IoU=0.50:0.95 | area= large | maxDets=100 ] = 0.617



--- Full data and training execution in 258199.1445391178 seconds ---



